{
  "RSpec": {
    "coverage": {
      "/Users/omarkhan/chitter-challenge/spec/setup_test_database.rb": [
        1,
        3,
        null,
        3,
        null,
        3,
        null,
        3,
        null
      ],
      "/Users/omarkhan/chitter-challenge/spec/features/post_peep_spec.rb": [
        1,
        1,
        null,
        1,
        1,
        1,
        1,
        1,
        1,
        1,
        1,
        null,
        null
      ],
      "/Users/omarkhan/chitter-challenge/spec/peep_spec.rb": [
        1,
        null,
        1,
        1,
        1,
        1,
        1,
        1,
        null,
        1,
        1,
        null,
        1,
        0,
        0,
        0,
        null,
        null,
        null,
        1,
        1,
        1,
        1,
        null,
        1,
        1,
        1,
        null,
        null,
        null
      ]
    },
    "timestamp": 1541410960
  }
}
